2020-06-11 00:19:46.249  INFO 10592 --- [Thread-372] j.LocalContainerEntityManagerFactoryBean : Closing JPA EntityManagerFactory for persistence unit 'default'
2020-06-11 00:19:46.480  INFO 10592 --- [Thread-372] o.s.s.concurrent.ThreadPoolTaskExecutor  : Shutting down ExecutorService 'applicationTaskExecutor'
2020-06-11 00:19:46.497  INFO 10592 --- [Thread-372] com.zaxxer.hikari.HikariDataSource       : HikariPool-1 - Shutdown initiated...
2020-06-11 00:19:46.520  INFO 10592 --- [Thread-372] com.zaxxer.hikari.HikariDataSource       : HikariPool-1 - Shutdown completed.
2020-06-11 00:19:47.157  INFO 10592 --- [restartedMain] c.a.a.o.AuOnboardingBackendApplication   : Starting AuOnboardingBackendApplication on DESKTOP-H6Q22V6 with PID 10592 (C:\Users\Pankti\eclipse-workspace\AU-Onboarding-Backend\target\classes started by Pankti in C:\Users\Pankti\eclipse-workspace\AU-Onboarding-Backend)
2020-06-11 00:19:47.157  INFO 10592 --- [restartedMain] c.a.a.o.AuOnboardingBackendApplication   : No active profile set, falling back to default profiles: default
2020-06-11 00:19:48.344  INFO 10592 --- [restartedMain] .s.d.r.c.RepositoryConfigurationDelegate : Bootstrapping Spring Data JPA repositories in DEFERRED mode.
2020-06-11 00:19:48.390  INFO 10592 --- [restartedMain] .s.d.r.c.RepositoryConfigurationDelegate : Finished Spring Data repository scanning in 45ms. Found 4 JPA repository interfaces.
2020-06-11 00:19:49.112  INFO 10592 --- [restartedMain] o.s.b.w.embedded.tomcat.TomcatWebServer  : Tomcat initialized with port(s): 8080 (http)
2020-06-11 00:19:49.113  INFO 10592 --- [restartedMain] o.apache.catalina.core.StandardService   : Starting service [Tomcat]
2020-06-11 00:19:49.113  INFO 10592 --- [restartedMain] org.apache.catalina.core.StandardEngine  : Starting Servlet engine: [Apache Tomcat/9.0.35]
2020-06-11 00:19:49.155  INFO 10592 --- [restartedMain] o.a.c.c.C.[Tomcat].[localhost].[/]       : Initializing Spring embedded WebApplicationContext
2020-06-11 00:19:49.156  INFO 10592 --- [restartedMain] o.s.web.context.ContextLoader            : Root WebApplicationContext: initialization completed in 1994 ms
2020-06-11 00:19:49.348  INFO 10592 --- [restartedMain] o.s.s.concurrent.ThreadPoolTaskExecutor  : Initializing ExecutorService 'applicationTaskExecutor'
2020-06-11 00:19:49.361  INFO 10592 --- [task-1] o.hibernate.jpa.internal.util.LogHelper  : HHH000204: Processing PersistenceUnitInfo [name: default]
2020-06-11 00:19:49.372  INFO 10592 --- [task-1] com.zaxxer.hikari.HikariDataSource       : HikariPool-2 - Starting...
2020-06-11 00:19:49.413  WARN 10592 --- [restartedMain] JpaBaseConfiguration$JpaWebConfiguration : spring.jpa.open-in-view is enabled by default. Therefore, database queries may be performed during view rendering. Explicitly configure spring.jpa.open-in-view to disable this warning
2020-06-11 00:19:49.433  INFO 10592 --- [task-1] com.zaxxer.hikari.HikariDataSource       : HikariPool-2 - Start completed.
2020-06-11 00:19:49.434  INFO 10592 --- [task-1] org.hibernate.dialect.Dialect            : HHH000400: Using dialect: org.hibernate.dialect.MySQL8Dialect
2020-06-11 00:19:49.661  WARN 10592 --- [restartedMain] o.s.d.rest.webmvc.halbrowser.HalBrowser  : ---
2020-06-11 00:19:49.661  WARN 10592 --- [restartedMain] o.s.d.rest.webmvc.halbrowser.HalBrowser  : Spring Data REST HAL Browser is deprecated! Prefer the HAL Explorer (artifactId: spring-data-rest-hal-explorer)!
2020-06-11 00:19:49.662  WARN 10592 --- [restartedMain] o.s.d.rest.webmvc.halbrowser.HalBrowser  : ---
2020-06-11 00:19:50.953  INFO 10592 --- [task-1] o.h.e.t.j.p.i.JtaPlatformInitiator       : HHH000490: Using JtaPlatform implementation: [org.hibernate.engine.transaction.jta.platform.internal.NoJtaPlatform]
2020-06-11 00:19:50.954  INFO 10592 --- [task-1] j.LocalContainerEntityManagerFactoryBean : Initialized JPA EntityManagerFactory for persistence unit 'default'
2020-06-11 00:19:51.055  INFO 10592 --- [task-2] o.s.b.d.a.OptionalLiveReloadServer       : LiveReload server is running on port 35729
2020-06-11 00:19:51.422  INFO 10592 --- [restartedMain] .s.s.UserDetailsServiceAutoConfiguration : 

Using generated security password: bffcc127-d45e-47ae-935a-1839225db459

2020-06-11 00:19:51.437  INFO 10592 --- [restartedMain] o.s.s.web.DefaultSecurityFilterChain     : Creating filter chain: any request, [org.springframework.security.web.context.request.async.WebAsyncManagerIntegrationFilter@54ca920b, org.springframework.security.web.context.SecurityContextPersistenceFilter@48d9e9e8, org.springframework.security.web.header.HeaderWriterFilter@31e08248, org.springframework.security.web.authentication.logout.LogoutFilter@7afc695e, org.springframework.security.web.savedrequest.RequestCacheAwareFilter@70fbcc76, org.springframework.security.web.servletapi.SecurityContextHolderAwareRequestFilter@453cf2e3, org.springframework.security.web.authentication.AnonymousAuthenticationFilter@76c3d99b, org.springframework.security.web.session.SessionManagementFilter@59bc2aac, org.springframework.security.web.access.ExceptionTranslationFilter@456faeb3]
2020-06-11 00:19:51.530  INFO 10592 --- [restartedMain] o.s.b.a.e.web.EndpointLinksResolver      : Exposing 2 endpoint(s) beneath base path '/actuator'
2020-06-11 00:19:51.574  INFO 10592 --- [restartedMain] o.s.b.w.embedded.tomcat.TomcatWebServer  : Tomcat started on port(s): 8080 (http) with context path ''
2020-06-11 00:19:51.576  INFO 10592 --- [restartedMain] DeferredRepositoryInitializationListener : Triggering deferred initialization of Spring Data repositories…
2020-06-11 00:19:51.620  INFO 10592 --- [restartedMain] DeferredRepositoryInitializationListener : Spring Data repositories initialized!
2020-06-11 00:19:51.687  INFO 10592 --- [restartedMain] c.a.a.o.AuOnboardingBackendApplication   : Started AuOnboardingBackendApplication in 4.598 seconds (JVM running for 13688.936)
2020-06-11 00:19:51.690  INFO 10592 --- [restartedMain] .ConditionEvaluationDeltaLoggingListener : Condition evaluation unchanged
2020-06-11 00:19:51.691  INFO 10592 --- [restartedMain] c.a.a.o.AuOnboardingBackendApplication   : Application started
2020-06-11 00:35:08.029  INFO 10592 --- [RMI TCP Connection(117)-127.0.0.1] inMXBeanRegistrar$SpringApplicationAdmin : Application shutdown requested.
2020-06-11 00:35:08.511  INFO 10592 --- [RMI TCP Connection(117)-127.0.0.1] j.LocalContainerEntityManagerFactoryBean : Closing JPA EntityManagerFactory for persistence unit 'default'
2020-06-11 00:35:08.512  INFO 10592 --- [RMI TCP Connection(117)-127.0.0.1] o.s.s.concurrent.ThreadPoolTaskExecutor  : Shutting down ExecutorService 'applicationTaskExecutor'
2020-06-11 00:35:08.513  INFO 10592 --- [RMI TCP Connection(117)-127.0.0.1] com.zaxxer.hikari.HikariDataSource       : HikariPool-2 - Shutdown initiated...
2020-06-11 00:35:08.529  INFO 10592 --- [RMI TCP Connection(117)-127.0.0.1] com.zaxxer.hikari.HikariDataSource       : HikariPool-2 - Shutdown completed.
2020-06-11 00:35:26.840  INFO 12484 --- [restartedMain] c.a.a.o.AuOnboardingBackendApplication   : Starting AuOnboardingBackendApplication on DESKTOP-H6Q22V6 with PID 12484 (C:\Users\Pankti\eclipse-workspace\AU-Onboarding-Backend\target\classes started by Pankti in C:\Users\Pankti\eclipse-workspace\AU-Onboarding-Backend)
2020-06-11 00:35:26.845  INFO 12484 --- [restartedMain] c.a.a.o.AuOnboardingBackendApplication   : No active profile set, falling back to default profiles: default
2020-06-11 00:35:26.929  INFO 12484 --- [restartedMain] .e.DevToolsPropertyDefaultsPostProcessor : Devtools property defaults active! Set 'spring.devtools.add-properties' to 'false' to disable
2020-06-11 00:35:26.929  INFO 12484 --- [restartedMain] .e.DevToolsPropertyDefaultsPostProcessor : For additional web related logging consider setting the 'logging.level.web' property to 'DEBUG'
2020-06-11 00:35:29.658  INFO 12484 --- [restartedMain] .s.d.r.c.RepositoryConfigurationDelegate : Bootstrapping Spring Data JPA repositories in DEFERRED mode.
2020-06-11 00:35:29.801  INFO 12484 --- [restartedMain] .s.d.r.c.RepositoryConfigurationDelegate : Finished Spring Data repository scanning in 130ms. Found 4 JPA repository interfaces.
2020-06-11 00:35:31.578  INFO 12484 --- [restartedMain] o.s.b.w.embedded.tomcat.TomcatWebServer  : Tomcat initialized with port(s): 8080 (http)
2020-06-11 00:35:31.611  INFO 12484 --- [restartedMain] o.apache.catalina.core.StandardService   : Starting service [Tomcat]
2020-06-11 00:35:31.611  INFO 12484 --- [restartedMain] org.apache.catalina.core.StandardEngine  : Starting Servlet engine: [Apache Tomcat/9.0.35]
2020-06-11 00:35:31.804  INFO 12484 --- [restartedMain] o.a.c.c.C.[Tomcat].[localhost].[/]       : Initializing Spring embedded WebApplicationContext
2020-06-11 00:35:31.804  INFO 12484 --- [restartedMain] o.s.web.context.ContextLoader            : Root WebApplicationContext: initialization completed in 4875 ms
2020-06-11 00:35:32.884  INFO 12484 --- [restartedMain] o.s.s.concurrent.ThreadPoolTaskExecutor  : Initializing ExecutorService 'applicationTaskExecutor'
2020-06-11 00:35:33.100  INFO 12484 --- [task-1] o.hibernate.jpa.internal.util.LogHelper  : HHH000204: Processing PersistenceUnitInfo [name: default]
2020-06-11 00:35:33.206  WARN 12484 --- [restartedMain] JpaBaseConfiguration$JpaWebConfiguration : spring.jpa.open-in-view is enabled by default. Therefore, database queries may be performed during view rendering. Explicitly configure spring.jpa.open-in-view to disable this warning
2020-06-11 00:35:33.439  INFO 12484 --- [task-1] org.hibernate.Version                    : HHH000412: Hibernate ORM core version 5.4.15.Final
2020-06-11 00:35:33.782  INFO 12484 --- [task-1] o.hibernate.annotations.common.Version   : HCANN000001: Hibernate Commons Annotations {5.1.0.Final}
2020-06-11 00:35:34.070  INFO 12484 --- [task-1] com.zaxxer.hikari.HikariDataSource       : HikariPool-1 - Starting...
2020-06-11 00:35:34.086  WARN 12484 --- [restartedMain] o.s.d.rest.webmvc.halbrowser.HalBrowser  : ---
2020-06-11 00:35:34.087  WARN 12484 --- [restartedMain] o.s.d.rest.webmvc.halbrowser.HalBrowser  : Spring Data REST HAL Browser is deprecated! Prefer the HAL Explorer (artifactId: spring-data-rest-hal-explorer)!
2020-06-11 00:35:34.087  WARN 12484 --- [restartedMain] o.s.d.rest.webmvc.halbrowser.HalBrowser  : ---
2020-06-11 00:35:36.180  INFO 12484 --- [task-1] com.zaxxer.hikari.HikariDataSource       : HikariPool-1 - Start completed.
2020-06-11 00:35:36.297  INFO 12484 --- [task-1] org.hibernate.dialect.Dialect            : HHH000400: Using dialect: org.hibernate.dialect.MySQL8Dialect
2020-06-11 00:35:39.829  INFO 12484 --- [task-1] o.h.e.t.j.p.i.JtaPlatformInitiator       : HHH000490: Using JtaPlatform implementation: [org.hibernate.engine.transaction.jta.platform.internal.NoJtaPlatform]
2020-06-11 00:35:39.860  INFO 12484 --- [task-1] j.LocalContainerEntityManagerFactoryBean : Initialized JPA EntityManagerFactory for persistence unit 'default'
2020-06-11 00:35:41.092  INFO 12484 --- [task-2] o.s.b.d.a.OptionalLiveReloadServer       : LiveReload server is running on port 35729
2020-06-11 00:35:42.807  INFO 12484 --- [restartedMain] .s.s.UserDetailsServiceAutoConfiguration : 

Using generated security password: 29a21fba-93b0-4681-befd-a4c4c620a4ae

2020-06-11 00:35:43.196  INFO 12484 --- [restartedMain] o.s.s.web.DefaultSecurityFilterChain     : Creating filter chain: any request, [org.springframework.security.web.context.request.async.WebAsyncManagerIntegrationFilter@4d4b58b2, org.springframework.security.web.context.SecurityContextPersistenceFilter@51c5314, org.springframework.security.web.header.HeaderWriterFilter@2bef8599, org.springframework.security.web.authentication.logout.LogoutFilter@59d6e5c5, org.springframework.security.web.savedrequest.RequestCacheAwareFilter@7cff2571, org.springframework.security.web.servletapi.SecurityContextHolderAwareRequestFilter@384e82c2, org.springframework.security.web.authentication.AnonymousAuthenticationFilter@1d07687b, org.springframework.security.web.session.SessionManagementFilter@20f0fe73, org.springframework.security.web.access.ExceptionTranslationFilter@72cf6a8d]
2020-06-11 00:35:43.943  INFO 12484 --- [restartedMain] o.s.b.a.e.web.EndpointLinksResolver      : Exposing 2 endpoint(s) beneath base path '/actuator'
2020-06-11 00:35:44.164  INFO 12484 --- [restartedMain] o.s.b.w.embedded.tomcat.TomcatWebServer  : Tomcat started on port(s): 8080 (http) with context path ''
2020-06-11 00:35:44.167  INFO 12484 --- [restartedMain] DeferredRepositoryInitializationListener : Triggering deferred initialization of Spring Data repositories…
2020-06-11 00:35:44.368  INFO 12484 --- [restartedMain] DeferredRepositoryInitializationListener : Spring Data repositories initialized!
2020-06-11 00:35:44.420  INFO 12484 --- [restartedMain] c.a.a.o.AuOnboardingBackendApplication   : Started AuOnboardingBackendApplication in 18.165 seconds (JVM running for 20.958)
2020-06-11 00:35:44.437  INFO 12484 --- [restartedMain] c.a.a.o.AuOnboardingBackendApplication   : Application started
2020-06-11 00:35:45.715  INFO 12484 --- [RMI TCP Connection(3)-127.0.0.1] o.a.c.c.C.[Tomcat].[localhost].[/]       : Initializing Spring DispatcherServlet 'dispatcherServlet'
2020-06-11 00:35:45.716  INFO 12484 --- [RMI TCP Connection(3)-127.0.0.1] o.s.web.servlet.DispatcherServlet        : Initializing Servlet 'dispatcherServlet'
2020-06-11 00:35:45.737  INFO 12484 --- [RMI TCP Connection(3)-127.0.0.1] o.s.web.servlet.DispatcherServlet        : Completed initialization in 21 ms
2020-06-11 00:36:31.335  INFO 12484 --- [http-nio-8080-exec-1] c.a.a.o.controllers.DemandController     : Get request received for all demands
2020-06-11 00:36:31.336  INFO 12484 --- [http-nio-8080-exec-1] c.a.a.onboarding.services.DemandService  : Demand service call to get all demands
2020-06-11 00:37:28.062  WARN 12484 --- [http-nio-8080-exec-3] .w.s.m.s.DefaultHandlerExceptionResolver : Resolved [org.springframework.http.converter.HttpMessageNotReadableException: JSON parse error: (was java.lang.NullPointerException); nested exception is com.fasterxml.jackson.databind.JsonMappingException: (was java.lang.NullPointerException) (through reference chain: com.accolite.au.onboarding.models.Onboardee["mappedDemand"])]
2020-06-11 00:40:44.603  INFO 12484 --- [http-nio-8080-exec-4] c.a.a.o.controllers.DemandController     : Get request received for all demands
2020-06-11 00:40:44.604  INFO 12484 --- [http-nio-8080-exec-4] c.a.a.onboarding.services.DemandService  : Demand service call to get all demands
2020-06-11 00:40:57.758  INFO 12484 --- [Thread-372] j.LocalContainerEntityManagerFactoryBean : Closing JPA EntityManagerFactory for persistence unit 'default'
2020-06-11 00:40:57.761  INFO 12484 --- [Thread-372] o.s.s.concurrent.ThreadPoolTaskExecutor  : Shutting down ExecutorService 'applicationTaskExecutor'
2020-06-11 00:40:57.765  INFO 12484 --- [Thread-372] com.zaxxer.hikari.HikariDataSource       : HikariPool-1 - Shutdown initiated...
2020-06-11 00:40:57.779  INFO 12484 --- [Thread-372] com.zaxxer.hikari.HikariDataSource       : HikariPool-1 - Shutdown completed.
2020-06-11 00:40:58.413  INFO 12484 --- [restartedMain] c.a.a.o.AuOnboardingBackendApplication   : Starting AuOnboardingBackendApplication on DESKTOP-H6Q22V6 with PID 12484 (C:\Users\Pankti\eclipse-workspace\AU-Onboarding-Backend\target\classes started by Pankti in C:\Users\Pankti\eclipse-workspace\AU-Onboarding-Backend)
2020-06-11 00:40:58.413  INFO 12484 --- [restartedMain] c.a.a.o.AuOnboardingBackendApplication   : No active profile set, falling back to default profiles: default
2020-06-11 00:40:59.261  INFO 12484 --- [restartedMain] .s.d.r.c.RepositoryConfigurationDelegate : Bootstrapping Spring Data JPA repositories in DEFERRED mode.
2020-06-11 00:40:59.327  INFO 12484 --- [restartedMain] .s.d.r.c.RepositoryConfigurationDelegate : Finished Spring Data repository scanning in 64ms. Found 4 JPA repository interfaces.
2020-06-11 00:40:59.812  INFO 12484 --- [restartedMain] o.s.b.w.embedded.tomcat.TomcatWebServer  : Tomcat initialized with port(s): 8080 (http)
2020-06-11 00:40:59.813  INFO 12484 --- [restartedMain] o.apache.catalina.core.StandardService   : Starting service [Tomcat]
2020-06-11 00:40:59.814  INFO 12484 --- [restartedMain] org.apache.catalina.core.StandardEngine  : Starting Servlet engine: [Apache Tomcat/9.0.35]
2020-06-11 00:40:59.907  INFO 12484 --- [restartedMain] o.a.c.c.C.[Tomcat].[localhost].[/]       : Initializing Spring embedded WebApplicationContext
2020-06-11 00:40:59.908  INFO 12484 --- [restartedMain] o.s.web.context.ContextLoader            : Root WebApplicationContext: initialization completed in 1491 ms
2020-06-11 00:41:00.244  INFO 12484 --- [restartedMain] o.s.s.concurrent.ThreadPoolTaskExecutor  : Initializing ExecutorService 'applicationTaskExecutor'
2020-06-11 00:41:00.261  INFO 12484 --- [task-1] o.hibernate.jpa.internal.util.LogHelper  : HHH000204: Processing PersistenceUnitInfo [name: default]
2020-06-11 00:41:00.274  INFO 12484 --- [task-1] com.zaxxer.hikari.HikariDataSource       : HikariPool-2 - Starting...
2020-06-11 00:41:00.312  WARN 12484 --- [restartedMain] JpaBaseConfiguration$JpaWebConfiguration : spring.jpa.open-in-view is enabled by default. Therefore, database queries may be performed during view rendering. Explicitly configure spring.jpa.open-in-view to disable this warning
2020-06-11 00:41:00.355  INFO 12484 --- [task-1] com.zaxxer.hikari.HikariDataSource       : HikariPool-2 - Start completed.
2020-06-11 00:41:00.356  INFO 12484 --- [task-1] org.hibernate.dialect.Dialect            : HHH000400: Using dialect: org.hibernate.dialect.MySQL8Dialect
2020-06-11 00:41:00.523  WARN 12484 --- [restartedMain] o.s.d.rest.webmvc.halbrowser.HalBrowser  : ---
2020-06-11 00:41:00.524  WARN 12484 --- [restartedMain] o.s.d.rest.webmvc.halbrowser.HalBrowser  : Spring Data REST HAL Browser is deprecated! Prefer the HAL Explorer (artifactId: spring-data-rest-hal-explorer)!
2020-06-11 00:41:00.524  WARN 12484 --- [restartedMain] o.s.d.rest.webmvc.halbrowser.HalBrowser  : ---
2020-06-11 00:41:05.034  WARN 12484 --- [task-1] o.h.t.s.i.ExceptionHandlerLoggedImpl     : GenerationTarget encountered exception accepting command : Error executing DDL "alter table user_logs add constraint FKtqjbkoth821brrvs6c62gbspb foreign key (logs_id) references log (id)" via JDBC Statement

org.hibernate.tool.schema.spi.CommandAcceptanceException: Error executing DDL "alter table user_logs add constraint FKtqjbkoth821brrvs6c62gbspb foreign key (logs_id) references log (id)" via JDBC Statement
	at org.hibernate.tool.schema.internal.exec.GenerationTargetToDatabase.accept(GenerationTargetToDatabase.java:67) ~[hibernate-core-5.4.15.Final.jar:5.4.15.Final]
	at org.hibernate.tool.schema.internal.AbstractSchemaMigrator.applySqlString(AbstractSchemaMigrator.java:559) [hibernate-core-5.4.15.Final.jar:5.4.15.Final]
	at org.hibernate.tool.schema.internal.AbstractSchemaMigrator.applySqlStrings(AbstractSchemaMigrator.java:504) [hibernate-core-5.4.15.Final.jar:5.4.15.Final]
	at org.hibernate.tool.schema.internal.AbstractSchemaMigrator.applyForeignKeys(AbstractSchemaMigrator.java:433) [hibernate-core-5.4.15.Final.jar:5.4.15.Final]
	at org.hibernate.tool.schema.internal.AbstractSchemaMigrator.performMigration(AbstractSchemaMigrator.java:249) [hibernate-core-5.4.15.Final.jar:5.4.15.Final]
	at org.hibernate.tool.schema.internal.AbstractSchemaMigrator.doMigration(AbstractSchemaMigrator.java:114) [hibernate-core-5.4.15.Final.jar:5.4.15.Final]
	at org.hibernate.tool.schema.spi.SchemaManagementToolCoordinator.performDatabaseAction(SchemaManagementToolCoordinator.java:184) [hibernate-core-5.4.15.Final.jar:5.4.15.Final]
	at org.hibernate.tool.schema.spi.SchemaManagementToolCoordinator.process(SchemaManagementToolCoordinator.java:73) [hibernate-core-5.4.15.Final.jar:5.4.15.Final]
	at org.hibernate.internal.SessionFactoryImpl.<init>(SessionFactoryImpl.java:314) [hibernate-core-5.4.15.Final.jar:5.4.15.Final]
	at org.hibernate.boot.internal.SessionFactoryBuilderImpl.build(SessionFactoryBuilderImpl.java:468) [hibernate-core-5.4.15.Final.jar:5.4.15.Final]
	at org.hibernate.jpa.boot.internal.EntityManagerFactoryBuilderImpl.build(EntityManagerFactoryBuilderImpl.java:1249) [hibernate-core-5.4.15.Final.jar:5.4.15.Final]
	at org.springframework.orm.jpa.vendor.SpringHibernateJpaPersistenceProvider.createContainerEntityManagerFactory(SpringHibernateJpaPersistenceProvider.java:58) [spring-orm-5.2.6.RELEASE.jar:5.2.6.RELEASE]
	at org.springframework.orm.jpa.LocalContainerEntityManagerFactoryBean.createNativeEntityManagerFactory(LocalContainerEntityManagerFactoryBean.java:365) [spring-orm-5.2.6.RELEASE.jar:5.2.6.RELEASE]
	at org.springframework.orm.jpa.AbstractEntityManagerFactoryBean.buildNativeEntityManagerFactory(AbstractEntityManagerFactoryBean.java:391) [spring-orm-5.2.6.RELEASE.jar:5.2.6.RELEASE]
	at java.util.concurrent.FutureTask.run(FutureTask.java:266) ~[na:1.8.0_151]
	at java.util.concurrent.ThreadPoolExecutor.runWorker(ThreadPoolExecutor.java:1149) ~[na:1.8.0_151]
	at java.util.concurrent.ThreadPoolExecutor$Worker.run(ThreadPoolExecutor.java:624) ~[na:1.8.0_151]
	at java.lang.Thread.run(Thread.java:748) ~[na:1.8.0_151]
Caused by: java.sql.SQLIntegrityConstraintViolationException: Cannot add or update a child row: a foreign key constraint fails (`au`.`#sql-34ec_259f`, CONSTRAINT `FKtqjbkoth821brrvs6c62gbspb` FOREIGN KEY (`logs_id`) REFERENCES `log` (`id`))
	at com.mysql.cj.jdbc.exceptions.SQLError.createSQLException(SQLError.java:117) ~[mysql-connector-java-8.0.20.jar:8.0.20]
	at com.mysql.cj.jdbc.exceptions.SQLError.createSQLException(SQLError.java:97) ~[mysql-connector-java-8.0.20.jar:8.0.20]
	at com.mysql.cj.jdbc.exceptions.SQLExceptionsMapping.translateException(SQLExceptionsMapping.java:122) ~[mysql-connector-java-8.0.20.jar:8.0.20]
	at com.mysql.cj.jdbc.StatementImpl.executeInternal(StatementImpl.java:764) ~[mysql-connector-java-8.0.20.jar:8.0.20]
	at com.mysql.cj.jdbc.StatementImpl.execute(StatementImpl.java:648) ~[mysql-connector-java-8.0.20.jar:8.0.20]
	at com.zaxxer.hikari.pool.ProxyStatement.execute(ProxyStatement.java:95) ~[HikariCP-3.4.5.jar:na]
	at com.zaxxer.hikari.pool.HikariProxyStatement.execute(HikariProxyStatement.java) ~[HikariCP-3.4.5.jar:na]
	at org.hibernate.tool.schema.internal.exec.GenerationTargetToDatabase.accept(GenerationTargetToDatabase.java:54) ~[hibernate-core-5.4.15.Final.jar:5.4.15.Final]
	... 17 common frames omitted

2020-06-11 00:41:05.035  INFO 12484 --- [task-1] o.h.e.t.j.p.i.JtaPlatformInitiator       : HHH000490: Using JtaPlatform implementation: [org.hibernate.engine.transaction.jta.platform.internal.NoJtaPlatform]
2020-06-11 00:41:05.036  INFO 12484 --- [task-1] j.LocalContainerEntityManagerFactoryBean : Initialized JPA EntityManagerFactory for persistence unit 'default'
2020-06-11 00:41:05.164  INFO 12484 --- [task-2] o.s.b.d.a.OptionalLiveReloadServer       : LiveReload server is running on port 35729
2020-06-11 00:41:05.484  INFO 12484 --- [restartedMain] .s.s.UserDetailsServiceAutoConfiguration : 

Using generated security password: 3fee4c74-94bb-4d9e-ae24-15e4f701fa43

2020-06-11 00:41:05.494  INFO 12484 --- [restartedMain] o.s.s.web.DefaultSecurityFilterChain     : Creating filter chain: any request, [org.springframework.security.web.context.request.async.WebAsyncManagerIntegrationFilter@a6cbe11, org.springframework.security.web.context.SecurityContextPersistenceFilter@65d84b4a, org.springframework.security.web.header.HeaderWriterFilter@7c57f60e, org.springframework.security.web.authentication.logout.LogoutFilter@18777ba, org.springframework.security.web.savedrequest.RequestCacheAwareFilter@4629a922, org.springframework.security.web.servletapi.SecurityContextHolderAwareRequestFilter@50dd06f, org.springframework.security.web.authentication.AnonymousAuthenticationFilter@6189999b, org.springframework.security.web.session.SessionManagementFilter@57fe8e47, org.springframework.security.web.access.ExceptionTranslationFilter@2d71c46f]
2020-06-11 00:41:05.567  INFO 12484 --- [restartedMain] o.s.b.a.e.web.EndpointLinksResolver      : Exposing 2 endpoint(s) beneath base path '/actuator'
2020-06-11 00:41:05.604  INFO 12484 --- [restartedMain] o.s.b.w.embedded.tomcat.TomcatWebServer  : Tomcat started on port(s): 8080 (http) with context path ''
2020-06-11 00:41:05.606  INFO 12484 --- [restartedMain] DeferredRepositoryInitializationListener : Triggering deferred initialization of Spring Data repositories…
2020-06-11 00:41:05.649  INFO 12484 --- [restartedMain] DeferredRepositoryInitializationListener : Spring Data repositories initialized!
2020-06-11 00:41:05.661  INFO 12484 --- [restartedMain] c.a.a.o.AuOnboardingBackendApplication   : Started AuOnboardingBackendApplication in 7.305 seconds (JVM running for 342.199)
2020-06-11 00:41:05.665  INFO 12484 --- [restartedMain] .ConditionEvaluationDeltaLoggingListener : Condition evaluation unchanged
2020-06-11 00:41:05.666  INFO 12484 --- [restartedMain] c.a.a.o.AuOnboardingBackendApplication   : Application started
2020-06-11 00:46:13.053  INFO 12484 --- [http-nio-8080-exec-1] o.a.c.c.C.[Tomcat].[localhost].[/]       : Initializing Spring DispatcherServlet 'dispatcherServlet'
2020-06-11 00:46:13.053  INFO 12484 --- [http-nio-8080-exec-1] o.s.web.servlet.DispatcherServlet        : Initializing Servlet 'dispatcherServlet'
2020-06-11 00:46:13.058  INFO 12484 --- [http-nio-8080-exec-1] o.s.web.servlet.DispatcherServlet        : Completed initialization in 5 ms
2020-06-11 00:46:13.096  INFO 12484 --- [http-nio-8080-exec-1] c.a.a.o.controllers.OnboardeeController  : Post request received to save a new onboardee
2020-06-11 00:46:13.096  INFO 12484 --- [http-nio-8080-exec-1] c.a.a.o.services.OnboardeeService        : Onboardee service call to save new onboardee
2020-06-11 00:46:14.790  INFO 12484 --- [http-nio-8080-exec-3] c.a.a.o.controllers.UserController       : Post request received to add user-specific logs
2020-06-11 00:46:14.791  INFO 12484 --- [http-nio-8080-exec-3] c.a.au.onboarding.services.UserService   : User service call to get logs of a particular user
2020-06-11 00:46:14.943  WARN 12484 --- [http-nio-8080-exec-3] c.a.au.onboarding.services.UserService   : The requested entity does not exist
2020-06-11 00:46:14.943 ERROR 12484 --- [http-nio-8080-exec-3] c.a.a.o.controllers.UserController       : Exception occurred at path /user/log: The requested entity instance does not exist
2020-06-11 00:46:14.953  INFO 12484 --- [http-nio-8080-exec-4] c.a.a.o.controllers.OnboardeeController  : Get request received for all onboardees
2020-06-11 00:46:14.954  INFO 12484 --- [http-nio-8080-exec-4] c.a.a.o.services.OnboardeeService        : Onboardee service call to get all onboardees
2020-06-11 00:47:22.911  INFO 12484 --- [http-nio-8080-exec-7] c.a.a.o.controllers.DemandController     : Get request received for all demands
2020-06-11 00:47:22.911  INFO 12484 --- [http-nio-8080-exec-7] c.a.a.onboarding.services.DemandService  : Demand service call to get all demands
2020-06-11 00:48:41.075  INFO 12484 --- [http-nio-8080-exec-9] c.a.a.o.controllers.OnboardeeController  : Post request received to save a new onboardee
2020-06-11 00:48:41.076  INFO 12484 --- [http-nio-8080-exec-9] c.a.a.o.services.OnboardeeService        : Onboardee service call to save new onboardee
2020-06-11 00:48:41.745  INFO 12484 --- [http-nio-8080-exec-10] c.a.a.o.controllers.UserController       : Post request received to add user-specific logs
2020-06-11 00:48:41.746  INFO 12484 --- [http-nio-8080-exec-10] c.a.au.onboarding.services.UserService   : User service call to get logs of a particular user
2020-06-11 00:48:41.750  WARN 12484 --- [http-nio-8080-exec-10] c.a.au.onboarding.services.UserService   : The requested entity does not exist
2020-06-11 00:48:41.751 ERROR 12484 --- [http-nio-8080-exec-10] c.a.a.o.controllers.UserController       : Exception occurred at path /user/log: The requested entity instance does not exist
2020-06-11 00:48:41.849  INFO 12484 --- [http-nio-8080-exec-1] c.a.a.o.controllers.OnboardeeController  : Get request received for all onboardees
2020-06-11 00:48:41.849  INFO 12484 --- [http-nio-8080-exec-1] c.a.a.o.services.OnboardeeService        : Onboardee service call to get all onboardees
2020-06-11 00:49:20.479  INFO 12484 --- [http-nio-8080-exec-3] c.a.a.o.controllers.OnboardeeController  : Get request received for onboardee with id: 494
2020-06-11 00:49:20.480  INFO 12484 --- [http-nio-8080-exec-3] c.a.a.o.services.OnboardeeService        : Onboardee service call to get onboardee with id: 494
2020-06-11 00:49:20.481  INFO 12484 --- [http-nio-8080-exec-4] c.a.a.o.controllers.DemandController     : Get request received for all demands
2020-06-11 00:49:20.481  INFO 12484 --- [http-nio-8080-exec-4] c.a.a.onboarding.services.DemandService  : Demand service call to get all demands
2020-06-11 00:49:57.124  INFO 12484 --- [http-nio-8080-exec-8] c.a.a.o.controllers.OnboardeeController  : Put request received to update onoardee with id: 494
2020-06-11 00:49:57.125  INFO 12484 --- [http-nio-8080-exec-8] c.a.a.o.services.OnboardeeService        : Onboardee service call to update onboardee with id: 494
2020-06-11 00:49:58.262  INFO 12484 --- [http-nio-8080-exec-9] c.a.a.o.controllers.UserController       : Post request received to add user-specific logs
2020-06-11 00:49:58.263  INFO 12484 --- [http-nio-8080-exec-9] c.a.au.onboarding.services.UserService   : User service call to get logs of a particular user
2020-06-11 00:49:58.293  WARN 12484 --- [http-nio-8080-exec-9] c.a.au.onboarding.services.UserService   : The requested entity does not exist
2020-06-11 00:49:58.293 ERROR 12484 --- [http-nio-8080-exec-9] c.a.a.o.controllers.UserController       : Exception occurred at path /user/log: The requested entity instance does not exist
2020-06-11 00:49:58.432  INFO 12484 --- [http-nio-8080-exec-10] c.a.a.o.controllers.OnboardeeController  : Get request received for all onboardees
2020-06-11 00:49:58.433  INFO 12484 --- [http-nio-8080-exec-10] c.a.a.o.services.OnboardeeService        : Onboardee service call to get all onboardees
2020-06-11 00:50:11.955  INFO 12484 --- [http-nio-8080-exec-2] c.a.a.o.controllers.DemandController     : Get request received for all demands
2020-06-11 00:50:11.956  INFO 12484 --- [http-nio-8080-exec-2] c.a.a.onboarding.services.DemandService  : Demand service call to get all demands
2020-06-11 00:51:49.798  INFO 12484 --- [http-nio-8080-exec-4] c.a.a.o.controllers.OnboardeeController  : Post request received to save a new onboardee
2020-06-11 00:51:49.799  INFO 12484 --- [http-nio-8080-exec-4] c.a.a.o.services.OnboardeeService        : Onboardee service call to save new onboardee
2020-06-11 00:51:52.973  INFO 12484 --- [http-nio-8080-exec-5] c.a.a.o.controllers.UserController       : Post request received to add user-specific logs
2020-06-11 00:51:52.975  INFO 12484 --- [http-nio-8080-exec-5] c.a.au.onboarding.services.UserService   : User service call to get logs of a particular user
2020-06-11 00:51:52.981  WARN 12484 --- [http-nio-8080-exec-5] c.a.au.onboarding.services.UserService   : The requested entity does not exist
2020-06-11 00:51:52.982 ERROR 12484 --- [http-nio-8080-exec-5] c.a.a.o.controllers.UserController       : Exception occurred at path /user/log: The requested entity instance does not exist
2020-06-11 00:51:53.454  INFO 12484 --- [http-nio-8080-exec-6] c.a.a.o.controllers.OnboardeeController  : Get request received for all onboardees
2020-06-11 00:51:53.454  INFO 12484 --- [http-nio-8080-exec-6] c.a.a.o.services.OnboardeeService        : Onboardee service call to get all onboardees
2020-06-11 00:52:35.178  INFO 12484 --- [http-nio-8080-exec-7] c.a.a.o.controllers.OnboardeeController  : Get request received for onboardee with id: 500
2020-06-11 00:52:35.179  INFO 12484 --- [http-nio-8080-exec-7] c.a.a.o.services.OnboardeeService        : Onboardee service call to get onboardee with id: 500
2020-06-11 00:52:35.195  INFO 12484 --- [http-nio-8080-exec-8] c.a.a.o.controllers.DemandController     : Get request received for all demands
2020-06-11 00:52:35.195  INFO 12484 --- [http-nio-8080-exec-8] c.a.a.onboarding.services.DemandService  : Demand service call to get all demands
2020-06-11 00:53:01.780  INFO 12484 --- [http-nio-8080-exec-2] c.a.a.o.controllers.OnboardeeController  : Put request received to update onoardee with id: 500
2020-06-11 00:53:01.781  INFO 12484 --- [http-nio-8080-exec-2] c.a.a.o.services.OnboardeeService        : Onboardee service call to update onboardee with id: 500
2020-06-11 00:53:03.061  INFO 12484 --- [http-nio-8080-exec-3] c.a.a.o.controllers.UserController       : Post request received to add user-specific logs
2020-06-11 00:53:03.062  INFO 12484 --- [http-nio-8080-exec-3] c.a.au.onboarding.services.UserService   : User service call to get logs of a particular user
2020-06-11 00:53:03.098  WARN 12484 --- [http-nio-8080-exec-3] c.a.au.onboarding.services.UserService   : The requested entity does not exist
2020-06-11 00:53:03.099 ERROR 12484 --- [http-nio-8080-exec-3] c.a.a.o.controllers.UserController       : Exception occurred at path /user/log: The requested entity instance does not exist
2020-06-11 00:53:03.209  INFO 12484 --- [http-nio-8080-exec-4] c.a.a.o.controllers.OnboardeeController  : Get request received for all onboardees
2020-06-11 00:53:03.210  INFO 12484 --- [http-nio-8080-exec-4] c.a.a.o.services.OnboardeeService        : Onboardee service call to get all onboardees
2020-06-11 00:53:57.606  INFO 12484 --- [http-nio-8080-exec-5] c.a.a.o.controllers.DemandController     : Get request received for all demands
2020-06-11 00:53:57.607  INFO 12484 --- [http-nio-8080-exec-5] c.a.a.onboarding.services.DemandService  : Demand service call to get all demands
2020-06-11 00:54:47.074  INFO 12484 --- [http-nio-8080-exec-7] c.a.a.o.controllers.OnboardeeController  : Post request received to save a new onboardee
2020-06-11 00:54:47.074  INFO 12484 --- [http-nio-8080-exec-7] c.a.a.o.services.OnboardeeService        : Onboardee service call to save new onboardee
2020-06-11 00:54:47.766  INFO 12484 --- [http-nio-8080-exec-8] c.a.a.o.controllers.UserController       : Post request received to add user-specific logs
2020-06-11 00:54:47.767  INFO 12484 --- [http-nio-8080-exec-8] c.a.au.onboarding.services.UserService   : User service call to get logs of a particular user
2020-06-11 00:54:47.862  WARN 12484 --- [http-nio-8080-exec-8] c.a.au.onboarding.services.UserService   : The requested entity does not exist
2020-06-11 00:54:47.863 ERROR 12484 --- [http-nio-8080-exec-8] c.a.a.o.controllers.UserController       : Exception occurred at path /user/log: The requested entity instance does not exist
2020-06-11 00:54:47.937  INFO 12484 --- [http-nio-8080-exec-10] c.a.a.o.controllers.OnboardeeController  : Get request received for all onboardees
2020-06-11 00:54:47.938  INFO 12484 --- [http-nio-8080-exec-10] c.a.a.o.services.OnboardeeService        : Onboardee service call to get all onboardees
2020-06-11 00:55:19.948  INFO 12484 --- [http-nio-8080-exec-1] c.a.a.o.controllers.OnboardeeController  : Delete request received to delete onboardee with id: 494
2020-06-11 00:55:19.948  INFO 12484 --- [http-nio-8080-exec-1] c.a.a.o.services.OnboardeeService        : Onboardee service call to delete onboardee with id: 494
2020-06-11 00:55:20.283  INFO 12484 --- [http-nio-8080-exec-2] c.a.a.o.controllers.UserController       : Post request received to add user-specific logs
2020-06-11 00:55:20.285  INFO 12484 --- [http-nio-8080-exec-2] c.a.au.onboarding.services.UserService   : User service call to get logs of a particular user
2020-06-11 00:55:20.288  WARN 12484 --- [http-nio-8080-exec-2] c.a.au.onboarding.services.UserService   : The requested entity does not exist
2020-06-11 00:55:20.288 ERROR 12484 --- [http-nio-8080-exec-2] c.a.a.o.controllers.UserController       : Exception occurred at path /user/log: The requested entity instance does not exist
2020-06-11 00:55:20.292  INFO 12484 --- [http-nio-8080-exec-2] c.a.a.o.controllers.OnboardeeController  : Get request received for all onboardees
2020-06-11 00:55:20.293  INFO 12484 --- [http-nio-8080-exec-2] c.a.a.o.services.OnboardeeService        : Onboardee service call to get all onboardees
2020-06-11 00:55:22.371  INFO 12484 --- [http-nio-8080-exec-5] c.a.a.o.controllers.OnboardeeController  : Delete request received to delete onboardee with id: 489
2020-06-11 00:55:22.372  INFO 12484 --- [http-nio-8080-exec-5] c.a.a.o.services.OnboardeeService        : Onboardee service call to delete onboardee with id: 489
2020-06-11 00:55:22.600  INFO 12484 --- [http-nio-8080-exec-6] c.a.a.o.controllers.UserController       : Post request received to add user-specific logs
2020-06-11 00:55:22.600  INFO 12484 --- [http-nio-8080-exec-6] c.a.au.onboarding.services.UserService   : User service call to get logs of a particular user
2020-06-11 00:55:22.603  WARN 12484 --- [http-nio-8080-exec-6] c.a.au.onboarding.services.UserService   : The requested entity does not exist
2020-06-11 00:55:22.603 ERROR 12484 --- [http-nio-8080-exec-6] c.a.a.o.controllers.UserController       : Exception occurred at path /user/log: The requested entity instance does not exist
2020-06-11 00:55:22.605  INFO 12484 --- [http-nio-8080-exec-7] c.a.a.o.controllers.OnboardeeController  : Get request received for all onboardees
2020-06-11 00:55:22.606  INFO 12484 --- [http-nio-8080-exec-7] c.a.a.o.services.OnboardeeService        : Onboardee service call to get all onboardees
2020-06-11 00:55:29.291  INFO 12484 --- [http-nio-8080-exec-8] c.a.a.o.controllers.DemandController     : Get request received for all demands
2020-06-11 00:55:29.291  INFO 12484 --- [http-nio-8080-exec-8] c.a.a.onboarding.services.DemandService  : Demand service call to get all demands
2020-06-11 00:56:14.673  INFO 12484 --- [http-nio-8080-exec-1] c.a.a.o.controllers.OnboardeeController  : Post request received to save a new onboardee
2020-06-11 00:56:14.673  INFO 12484 --- [http-nio-8080-exec-1] c.a.a.o.services.OnboardeeService        : Onboardee service call to save new onboardee
2020-06-11 00:56:15.856  INFO 12484 --- [http-nio-8080-exec-3] c.a.a.o.controllers.UserController       : Post request received to add user-specific logs
2020-06-11 00:56:15.857  INFO 12484 --- [http-nio-8080-exec-3] c.a.au.onboarding.services.UserService   : User service call to get logs of a particular user
2020-06-11 00:56:15.860  WARN 12484 --- [http-nio-8080-exec-3] c.a.au.onboarding.services.UserService   : The requested entity does not exist
2020-06-11 00:56:15.860 ERROR 12484 --- [http-nio-8080-exec-3] c.a.a.o.controllers.UserController       : Exception occurred at path /user/log: The requested entity instance does not exist
2020-06-11 00:56:16.116  INFO 12484 --- [http-nio-8080-exec-2] c.a.a.o.controllers.OnboardeeController  : Get request received for all onboardees
2020-06-11 00:56:16.117  INFO 12484 --- [http-nio-8080-exec-2] c.a.a.o.services.OnboardeeService        : Onboardee service call to get all onboardees
2020-06-11 00:56:38.223  INFO 12484 --- [http-nio-8080-exec-6] c.a.a.o.controllers.OnboardeeController  : Delete request received to delete onboardee with id: 518
2020-06-11 00:56:38.321  INFO 12484 --- [http-nio-8080-exec-6] c.a.a.o.services.OnboardeeService        : Onboardee service call to delete onboardee with id: 518
2020-06-11 00:56:38.553  INFO 12484 --- [http-nio-8080-exec-7] c.a.a.o.controllers.UserController       : Post request received to add user-specific logs
2020-06-11 00:56:38.553  INFO 12484 --- [http-nio-8080-exec-7] c.a.au.onboarding.services.UserService   : User service call to get logs of a particular user
2020-06-11 00:56:38.557  WARN 12484 --- [http-nio-8080-exec-7] c.a.au.onboarding.services.UserService   : The requested entity does not exist
2020-06-11 00:56:38.557 ERROR 12484 --- [http-nio-8080-exec-7] c.a.a.o.controllers.UserController       : Exception occurred at path /user/log: The requested entity instance does not exist
2020-06-11 00:56:38.580  INFO 12484 --- [http-nio-8080-exec-8] c.a.a.o.controllers.OnboardeeController  : Get request received for all onboardees
2020-06-11 00:56:38.581  INFO 12484 --- [http-nio-8080-exec-8] c.a.a.o.services.OnboardeeService        : Onboardee service call to get all onboardees
2020-06-11 00:56:48.920  INFO 12484 --- [http-nio-8080-exec-9] c.a.a.o.controllers.DemandController     : Get request received for all demands
2020-06-11 00:56:48.920  INFO 12484 --- [http-nio-8080-exec-9] c.a.a.onboarding.services.DemandService  : Demand service call to get all demands
2020-06-11 00:57:22.819  INFO 12484 --- [http-nio-8080-exec-3] c.a.a.o.controllers.OnboardeeController  : Post request received to save a new onboardee
2020-06-11 00:57:22.820  INFO 12484 --- [http-nio-8080-exec-3] c.a.a.o.services.OnboardeeService        : Onboardee service call to save new onboardee
2020-06-11 00:57:23.682  INFO 12484 --- [http-nio-8080-exec-2] c.a.a.o.controllers.UserController       : Post request received to add user-specific logs
2020-06-11 00:57:23.683  INFO 12484 --- [http-nio-8080-exec-2] c.a.au.onboarding.services.UserService   : User service call to get logs of a particular user
2020-06-11 00:57:23.686  WARN 12484 --- [http-nio-8080-exec-2] c.a.au.onboarding.services.UserService   : The requested entity does not exist
2020-06-11 00:57:23.687 ERROR 12484 --- [http-nio-8080-exec-2] c.a.a.o.controllers.UserController       : Exception occurred at path /user/log: The requested entity instance does not exist
2020-06-11 00:57:23.797  INFO 12484 --- [http-nio-8080-exec-4] c.a.a.o.controllers.OnboardeeController  : Get request received for all onboardees
2020-06-11 00:57:23.797  INFO 12484 --- [http-nio-8080-exec-4] c.a.a.o.services.OnboardeeService        : Onboardee service call to get all onboardees
2020-06-11 00:58:49.030  INFO 12484 --- [http-nio-8080-exec-6] c.a.a.o.controllers.DemandController     : Get request received for all demands
2020-06-11 00:58:49.032  INFO 12484 --- [http-nio-8080-exec-6] c.a.a.onboarding.services.DemandService  : Demand service call to get all demands
2020-06-11 00:59:06.170  INFO 12484 --- [http-nio-8080-exec-8] c.a.a.o.controllers.OnboardeeController  : Post request received to save a new onboardee
2020-06-11 00:59:06.171  INFO 12484 --- [http-nio-8080-exec-8] c.a.a.o.services.OnboardeeService        : Onboardee service call to save new onboardee
2020-06-11 00:59:06.641  INFO 12484 --- [http-nio-8080-exec-10] c.a.a.o.controllers.UserController       : Post request received to add user-specific logs
2020-06-11 00:59:06.642  INFO 12484 --- [http-nio-8080-exec-10] c.a.au.onboarding.services.UserService   : User service call to get logs of a particular user
2020-06-11 00:59:06.666  WARN 12484 --- [http-nio-8080-exec-10] c.a.au.onboarding.services.UserService   : The requested entity does not exist
2020-06-11 00:59:06.667 ERROR 12484 --- [http-nio-8080-exec-10] c.a.a.o.controllers.UserController       : Exception occurred at path /user/log: The requested entity instance does not exist
2020-06-11 00:59:06.737  INFO 12484 --- [http-nio-8080-exec-9] c.a.a.o.controllers.OnboardeeController  : Get request received for all onboardees
2020-06-11 00:59:06.738  INFO 12484 --- [http-nio-8080-exec-9] c.a.a.o.services.OnboardeeService        : Onboardee service call to get all onboardees
2020-06-11 00:59:49.560  INFO 12484 --- [http-nio-8080-exec-3] c.a.a.o.controllers.OnboardeeController  : Get request received for all onboardees
2020-06-11 00:59:49.561  INFO 12484 --- [http-nio-8080-exec-3] c.a.a.o.services.OnboardeeService        : Onboardee service call to get all onboardees
2020-06-11 01:00:29.391  INFO 12484 --- [http-nio-8080-exec-4] c.a.a.o.controllers.OnboardeeController  : Get request received for all onboardees
2020-06-11 01:00:29.391  INFO 12484 --- [http-nio-8080-exec-4] c.a.a.o.services.OnboardeeService        : Onboardee service call to get all onboardees
2020-06-11 01:00:51.460  INFO 12484 --- [http-nio-8080-exec-6] c.a.a.o.controllers.OnboardeeController  : Get request received for all onboardees
2020-06-11 01:00:51.461  INFO 12484 --- [http-nio-8080-exec-6] c.a.a.o.services.OnboardeeService        : Onboardee service call to get all onboardees
2020-06-11 01:01:06.233  INFO 12484 --- [http-nio-8080-exec-10] c.a.a.o.controllers.OnboardeeController  : Delete request received to delete onboardee with id: 526
2020-06-11 01:01:06.233  INFO 12484 --- [http-nio-8080-exec-10] c.a.a.o.services.OnboardeeService        : Onboardee service call to delete onboardee with id: 526
2020-06-11 01:01:06.533  INFO 12484 --- [http-nio-8080-exec-9] c.a.a.o.controllers.UserController       : Post request received to add user-specific logs
2020-06-11 01:01:06.533  INFO 12484 --- [http-nio-8080-exec-9] c.a.au.onboarding.services.UserService   : User service call to get logs of a particular user
2020-06-11 01:01:06.535  WARN 12484 --- [http-nio-8080-exec-9] c.a.au.onboarding.services.UserService   : The requested entity does not exist
2020-06-11 01:01:06.535 ERROR 12484 --- [http-nio-8080-exec-9] c.a.a.o.controllers.UserController       : Exception occurred at path /user/log: The requested entity instance does not exist
2020-06-11 01:01:06.547  INFO 12484 --- [http-nio-8080-exec-1] c.a.a.o.controllers.OnboardeeController  : Get request received for all onboardees
2020-06-11 01:01:06.547  INFO 12484 --- [http-nio-8080-exec-1] c.a.a.o.services.OnboardeeService        : Onboardee service call to get all onboardees
2020-06-11 01:01:08.180  INFO 12484 --- [http-nio-8080-exec-2] c.a.a.o.controllers.OnboardeeController  : Delete request received to delete onboardee with id: 522
2020-06-11 01:01:08.180  INFO 12484 --- [http-nio-8080-exec-2] c.a.a.o.services.OnboardeeService        : Onboardee service call to delete onboardee with id: 522
2020-06-11 01:01:08.484  INFO 12484 --- [http-nio-8080-exec-4] c.a.a.o.controllers.UserController       : Post request received to add user-specific logs
2020-06-11 01:01:08.484  INFO 12484 --- [http-nio-8080-exec-4] c.a.au.onboarding.services.UserService   : User service call to get logs of a particular user
2020-06-11 01:01:08.488  WARN 12484 --- [http-nio-8080-exec-4] c.a.au.onboarding.services.UserService   : The requested entity does not exist
2020-06-11 01:01:08.489 ERROR 12484 --- [http-nio-8080-exec-4] c.a.a.o.controllers.UserController       : Exception occurred at path /user/log: The requested entity instance does not exist
2020-06-11 01:01:08.504  INFO 12484 --- [http-nio-8080-exec-5] c.a.a.o.controllers.OnboardeeController  : Get request received for all onboardees
2020-06-11 01:01:08.505  INFO 12484 --- [http-nio-8080-exec-5] c.a.a.o.services.OnboardeeService        : Onboardee service call to get all onboardees
2020-06-11 01:01:10.312  INFO 12484 --- [http-nio-8080-exec-7] c.a.a.o.controllers.OnboardeeController  : Delete request received to delete onboardee with id: 514
2020-06-11 01:01:10.312  INFO 12484 --- [http-nio-8080-exec-7] c.a.a.o.services.OnboardeeService        : Onboardee service call to delete onboardee with id: 514
2020-06-11 01:01:10.552  INFO 12484 --- [http-nio-8080-exec-8] c.a.a.o.controllers.UserController       : Post request received to add user-specific logs
2020-06-11 01:01:10.552  INFO 12484 --- [http-nio-8080-exec-8] c.a.au.onboarding.services.UserService   : User service call to get logs of a particular user
2020-06-11 01:01:10.555  WARN 12484 --- [http-nio-8080-exec-8] c.a.au.onboarding.services.UserService   : The requested entity does not exist
2020-06-11 01:01:10.555 ERROR 12484 --- [http-nio-8080-exec-8] c.a.a.o.controllers.UserController       : Exception occurred at path /user/log: The requested entity instance does not exist
2020-06-11 01:01:10.573  INFO 12484 --- [http-nio-8080-exec-10] c.a.a.o.controllers.OnboardeeController  : Get request received for all onboardees
2020-06-11 01:01:10.573  INFO 12484 --- [http-nio-8080-exec-10] c.a.a.o.services.OnboardeeService        : Onboardee service call to get all onboardees
2020-06-11 01:01:11.498  INFO 12484 --- [http-nio-8080-exec-1] c.a.a.o.controllers.OnboardeeController  : Delete request received to delete onboardee with id: 500
2020-06-11 01:01:11.499  INFO 12484 --- [http-nio-8080-exec-1] c.a.a.o.services.OnboardeeService        : Onboardee service call to delete onboardee with id: 500
2020-06-11 01:01:12.669  INFO 12484 --- [http-nio-8080-exec-3] c.a.a.o.controllers.UserController       : Post request received to add user-specific logs
2020-06-11 01:01:12.670  INFO 12484 --- [http-nio-8080-exec-3] c.a.au.onboarding.services.UserService   : User service call to get logs of a particular user
2020-06-11 01:01:12.674  WARN 12484 --- [http-nio-8080-exec-3] c.a.au.onboarding.services.UserService   : The requested entity does not exist
2020-06-11 01:01:12.675 ERROR 12484 --- [http-nio-8080-exec-3] c.a.a.o.controllers.UserController       : Exception occurred at path /user/log: The requested entity instance does not exist
2020-06-11 01:01:12.686  INFO 12484 --- [http-nio-8080-exec-2] c.a.a.o.controllers.OnboardeeController  : Get request received for all onboardees
2020-06-11 01:01:12.686  INFO 12484 --- [http-nio-8080-exec-2] c.a.a.o.services.OnboardeeService        : Onboardee service call to get all onboardees
2020-06-11 01:01:18.566  INFO 12484 --- [http-nio-8080-exec-5] c.a.a.o.controllers.OnboardeeController  : Get request received for all onboardees
2020-06-11 01:01:18.566  INFO 12484 --- [http-nio-8080-exec-5] c.a.a.o.services.OnboardeeService        : Onboardee service call to get all onboardees
2020-06-11 01:01:22.352  INFO 12484 --- [http-nio-8080-exec-6] c.a.a.o.controllers.DemandController     : Get request received for all demands
2020-06-11 01:01:22.353  INFO 12484 --- [http-nio-8080-exec-6] c.a.a.onboarding.services.DemandService  : Demand service call to get all demands
2020-06-11 01:02:29.839  INFO 12484 --- [http-nio-8080-exec-8] c.a.a.o.controllers.OnboardeeController  : Post request received to save a new onboardee
2020-06-11 01:02:29.840  INFO 12484 --- [http-nio-8080-exec-8] c.a.a.o.services.OnboardeeService        : Onboardee service call to save new onboardee
2020-06-11 01:02:30.705  INFO 12484 --- [http-nio-8080-exec-10] c.a.a.o.controllers.UserController       : Post request received to add user-specific logs
2020-06-11 01:02:30.706  INFO 12484 --- [http-nio-8080-exec-10] c.a.au.onboarding.services.UserService   : User service call to get logs of a particular user
2020-06-11 01:02:30.709  WARN 12484 --- [http-nio-8080-exec-10] c.a.au.onboarding.services.UserService   : The requested entity does not exist
2020-06-11 01:02:30.709 ERROR 12484 --- [http-nio-8080-exec-10] c.a.a.o.controllers.UserController       : Exception occurred at path /user/log: The requested entity instance does not exist
2020-06-11 01:02:30.808  INFO 12484 --- [http-nio-8080-exec-9] c.a.a.o.controllers.OnboardeeController  : Get request received for all onboardees
2020-06-11 01:02:30.808  INFO 12484 --- [http-nio-8080-exec-9] c.a.a.o.services.OnboardeeService        : Onboardee service call to get all onboardees
2020-06-11 01:02:47.617  INFO 12484 --- [http-nio-8080-exec-3] c.a.a.o.controllers.OnboardeeController  : Get request received for onboardee with id: 528
2020-06-11 01:02:47.617  INFO 12484 --- [http-nio-8080-exec-3] c.a.a.o.services.OnboardeeService        : Onboardee service call to get onboardee with id: 528
2020-06-11 01:02:47.650  INFO 12484 --- [http-nio-8080-exec-2] c.a.a.o.controllers.DemandController     : Get request received for all demands
2020-06-11 01:02:47.650  INFO 12484 --- [http-nio-8080-exec-2] c.a.a.onboarding.services.DemandService  : Demand service call to get all demands
2020-06-11 01:03:17.986  INFO 12484 --- [http-nio-8080-exec-6] c.a.a.o.controllers.OnboardeeController  : Put request received to update onoardee with id: 528
2020-06-11 01:03:17.986  INFO 12484 --- [http-nio-8080-exec-6] c.a.a.o.services.OnboardeeService        : Onboardee service call to update onboardee with id: 528
2020-06-11 01:03:18.543  INFO 12484 --- [http-nio-8080-exec-7] c.a.a.o.controllers.UserController       : Post request received to add user-specific logs
2020-06-11 01:03:18.544  INFO 12484 --- [http-nio-8080-exec-7] c.a.au.onboarding.services.UserService   : User service call to get logs of a particular user
2020-06-11 01:03:18.548  WARN 12484 --- [http-nio-8080-exec-7] c.a.au.onboarding.services.UserService   : The requested entity does not exist
2020-06-11 01:03:18.549 ERROR 12484 --- [http-nio-8080-exec-7] c.a.a.o.controllers.UserController       : Exception occurred at path /user/log: The requested entity instance does not exist
2020-06-11 01:03:18.660  INFO 12484 --- [http-nio-8080-exec-8] c.a.a.o.controllers.OnboardeeController  : Get request received for all onboardees
2020-06-11 01:03:18.661  INFO 12484 --- [http-nio-8080-exec-8] c.a.a.o.services.OnboardeeService        : Onboardee service call to get all onboardees
2020-06-11 01:06:58.813  INFO 12484 --- [http-nio-8080-exec-9] c.a.a.o.controllers.DemandController     : Get request received for all demands
2020-06-11 01:06:58.814  INFO 12484 --- [http-nio-8080-exec-9] c.a.a.onboarding.services.DemandService  : Demand service call to get all demands
